\BOOKMARK [1][-]{section*.2}{\376\377\004\022\004\062\004\065\004\064\004\065\004\075\004\070\004\065}{}% 1
\BOOKMARK [1][-]{section.1}{\376\377\004\034\004\060\004\102\004\065\004\074\004\060\004\102\004\070\004\107\004\065\004\101\004\072\004\076\004\065\000\040\004\076\004\077\004\070\004\101\004\060\004\075\004\070\004\065}{}% 2
\BOOKMARK [2][-]{subsection.1.1}{\376\377\004\034\004\060\004\073\004\060\004\117\000\040\004\070\000\040\004\061\004\076\004\073\004\114\004\110\004\060\004\117\000\040\004\072\004\076\004\075\004\065\004\107\004\075\004\113\004\065\000\040\004\060\004\100\004\070\004\104\004\074\004\065\004\102\004\070\004\072\004\070}{section.1}% 3
\BOOKMARK [2][-]{subsection.1.2}{\376\377\004\037\004\100\004\070\004\074\004\065\004\100\004\113\000\040\004\060\004\100\004\070\004\104\004\074\004\065\004\102\004\070\004\107\004\065\004\101\004\072\004\070\004\105\000\040\004\064\004\065\004\071\004\101\004\102\004\062\004\070\004\071}{section.1}% 4
\BOOKMARK [1][-]{section.2}{\376\377\004\036\004\101\004\076\004\061\004\065\004\075\004\075\004\076\004\101\004\102\004\070\000\040\004\100\004\065\004\060\004\073\004\070\004\067\004\060\004\106\004\070\004\070}{}% 5
\BOOKMARK [2][-]{subsection.2.1}{\376\377\004\041\004\102\004\100\004\103\004\072\004\102\004\103\004\100\004\060\000\040\004\077\004\100\004\076\004\065\004\072\004\102\004\060}{section.2}% 6
\BOOKMARK [2][-]{subsection.2.2}{\376\377\004\020\004\100\004\105\004\070\004\102\004\065\004\072\004\102\004\103\004\100\004\060\000\040\004\072\004\073\004\060\004\101\004\101\004\076\004\062}{section.2}% 7
\BOOKMARK [3][-]{subsubsection.2.2.1}{\376\377\004\034\004\076\004\064\004\103\004\073\004\114\000\040\000c\000o\000n\000s\000t\000a\000n\000t\000s}{subsection.2.2}% 8
\BOOKMARK [3][-]{subsubsection.2.2.2}{\376\377\004\034\004\076\004\064\004\103\004\073\004\114\000\040\000u\000t\000i\000l\000s}{subsection.2.2}% 9
\BOOKMARK [3][-]{subsubsection.2.2.3}{\376\377\004\034\004\076\004\064\004\103\004\073\004\114\000\040\000a\000r\000i\000t\000h\000m\000e\000t\000i\000c}{subsection.2.2}% 10
\BOOKMARK [3][-]{subsubsection.2.2.4}{\376\377\004\032\004\073\004\060\004\101\004\101\000\040\000B\000i\000g\000F\000i\000n\000i\000t\000e\000N\000u\000m\000b\000e\000r}{subsection.2.2}% 11
\BOOKMARK [2][-]{subsection.2.3}{\376\377\004\042\004\065\004\101\004\102\004\070\004\100\004\076\004\062\004\060\004\075\004\070\004\065}{section.2}% 12
\BOOKMARK [1][-]{section.3}{\376\377\004\040\004\065\004\067\004\103\004\073\004\114\004\102\004\060\004\102\004\113\000\040\004\100\004\060\004\061\004\076\004\102\004\113\000\040\004\077\004\100\004\076\004\063\004\100\004\060\004\074\004\074\004\113}{}% 13
\BOOKMARK [2][-]{subsection.3.1}{\376\377\004\027\004\060\004\077\004\103\004\101\004\072\000\040\004\072\004\060\004\073\004\114\004\072\004\103\004\073\004\117\004\102\004\076\004\100\004\060}{section.3}% 14
\BOOKMARK [2][-]{subsection.3.2}{\376\377\004\022\004\113\004\077\004\076\004\073\004\075\004\065\004\075\004\070\004\065\000\040\004\076\004\077\004\065\004\100\004\060\004\106\004\070\004\071}{section.3}% 15
\BOOKMARK [3][-]{subsubsection.3.2.1}{\376\377\004\035\004\065\004\076\004\061\004\113\004\107\004\075\004\113\004\065\000\040\004\101\004\073\004\103\004\107\004\060\004\070}{subsection.3.2}% 16
\BOOKMARK [2][-]{subsection.3.3}{\376\377\004\027\004\060\004\077\004\103\004\101\004\072\000\040\004\102\004\065\004\101\004\102\004\076\004\062}{section.3}% 17
\BOOKMARK [2][-]{subsection.3.4}{\376\377\004\036\004\061\004\100\004\060\004\061\004\076\004\102\004\072\004\060\000\040\004\076\004\110\004\070\004\061\004\076\004\072}{section.3}% 18
\BOOKMARK [2][-]{subsection.3.5}{\376\377\004\041\004\061\004\076\004\100\004\072\004\060\000\040\004\077\004\100\004\076\004\065\004\072\004\102\004\060}{section.3}% 19
\BOOKMARK [1][-]{section*.20}{\376\377\004\027\004\060\004\072\004\073\004\116\004\107\004\065\004\075\004\070\004\065}{}% 20
\BOOKMARK [1][-]{section*.20}{\376\377\004\041\004\077\004\070\004\101\004\076\004\072\000\040\004\073\004\070\004\102\004\065\004\100\004\060\004\102\004\103\004\100\004\113}{}% 21
